<?xml version="1.0" encoding="UTF-8"?>
<testsuites name="QA test assignment" time="10.57" tests="3" failures="0" errors="0">
   <testsuite name="QA test assignment" tests="3" failures="0" errors="0" time="10.57" skipped="0" timestamp="2022-11-15 20:37:38" hostname="Eka - DESKTOP-DM9Q2JM.mshome.net" id="Test Suites/QA test assignment">
      <properties>
         <property name="deviceName" value=""/>
         <property name="devicePlatform" value=""/>
         <property name="logFolder" value="C:\\Users\\Eka\\Katalon Studio\\QA test assignment\\Reports\\20221115_203729\\QA test assignment\\20221115_203729"/>
         <property name="logFiles" value="C:\\Users\\Eka\\Katalon Studio\\QA test assignment\\Reports\\20221115_203729\\QA test assignment\\20221115_203729\\execution0.log"/>
         <property name="attachments" value=""/>
         <property name="hostName" value="Eka - DESKTOP-DM9Q2JM.mshome.net"/>
         <property name="os" value="Windows 10 64bit"/>
         <property name="katalonVersion" value="8.4.0.208"/>
         <property name="browser" value="Chrome 107.0.0.0"/>
         <property name="hostAddress" value="172.27.240.1"/>
         <property name="sessionId" value="d7bfe9c33109a977399c8d48e2a5e9c3"/>
         <property name="seleniumVersion" value="3.141.59"/>
         <property name="proxyInformation" value="ProxyInformation { proxyOption=NO_PROXY, proxyServerType=HTTP, username=, password=********, proxyServerAddress=, proxyServerPort=0, executionList=&quot;&quot;, isApplyToDesiredCapabilities=true }"/>
         <property name="platform" value="Windows 10"/>
      </properties>
      <testcase name="Test Cases/BrowserAction/OpenBrowser" time="5.599" classname="Test Cases/BrowserAction/OpenBrowser" status="PASSED">
         <system-out><![CDATA[2022-11-15 20:37:39 - [TEST_CASE][PASSED] - Test Cases/BrowserAction/OpenBrowser: Test Cases/BrowserAction/OpenBrowser

2022-11-15 20:37:39 - [TEST_STEP][PASSED] - openBrowser(url): Browser is opened with url: 'https://docs.google.com/forms/d/e/1FAIpQLSeq8naEPofrOrOA0nxdGj6L7jqddI8xHMFIyl9ailFnfl-uTQ/viewform?pli=1'

2022-11-15 20:37:40 - [MESSAGE][INFO] - Starting 'Chrome' driver

2022-11-15 20:37:40 - [MESSAGE][INFO] - Action delay is set to 0 milliseconds

2022-11-15 20:37:44 - [MESSAGE][PASSED] - Browser is opened with url: 'https://docs.google.com/forms/d/e/1FAIpQLSeq8naEPofrOrOA0nxdGj6L7jqddI8xHMFIyl9ailFnfl-uTQ/viewform?pli=1'

2022-11-15 20:37:44 - [TEST_STEP][PASSED] - maximizeWindow(): Current window maximized

2022-11-15 20:37:44 - [MESSAGE][PASSED] - Current window maximized]]></system-out>
         <system-err><![CDATA[]]></system-err>
      </testcase>
      <testcase name="Test Cases/FormFillIn" time="3.585" classname="Test Cases/FormFillIn" status="PASSED">
         <system-out><![CDATA[2022-11-15 20:37:44 - [TEST_CASE][PASSED] - Test Cases/FormFillIn: Test Cases/FormFillIn

2022-11-15 20:37:45 - [TEST_STEP][PASSED] - waitForPageLoad(2): Wait for page load successfully

2022-11-15 20:37:45 - [MESSAGE][PASSED] - Wait for page load successfully

2022-11-15 20:37:45 - [TEST_STEP][PASSED] - setText(findTestObject("Input_name"), name): Text 'Ekaterina Savchenko' is set on object 'Object Repository/Input_name'

2022-11-15 20:37:46 - [MESSAGE][PASSED] - Text 'Ekaterina Savchenko' is set on object 'Object Repository/Input_name'

2022-11-15 20:37:46 - [TEST_STEP][PASSED] - setText(findTestObject("Input_email"), email): Text 'ekasavmail@gmail.com' is set on object 'Object Repository/Input_email'

2022-11-15 20:37:47 - [MESSAGE][PASSED] - Text 'ekasavmail@gmail.com' is set on object 'Object Repository/Input_email'

2022-11-15 20:37:47 - [TEST_STEP][PASSED] - setText(findTestObject("Input_urlGit"), urlGit): Text 'https://github.com/Eka-Sav/QA-test-assignment' is set on object 'Object Repository/Input_urlGit'

2022-11-15 20:37:48 - [MESSAGE][PASSED] - Text 'https://github.com/Eka-Sav/QA-test-assignment' is set on object 'Object Repository/Input_urlGit']]></system-out>
         <system-err><![CDATA[]]></system-err>
      </testcase>
      <testcase name="Test Cases/BrowserAction/CloseBrowser" time="0.988" classname="Test Cases/BrowserAction/CloseBrowser" status="PASSED">
         <system-out><![CDATA[2022-11-15 20:37:48 - [TEST_CASE][PASSED] - Test Cases/BrowserAction/CloseBrowser: Test Cases/BrowserAction/CloseBrowser

2022-11-15 20:37:48 - [TEST_STEP][PASSED] - closeBrowser(): Browser is closed

2022-11-15 20:37:49 - [MESSAGE][PASSED] - Browser is closed]]></system-out>
         <system-err><![CDATA[]]></system-err>
      </testcase>
      <system-out><![CDATA[2022-11-15 20:37:38 - [TEST_SUITE][PASSED] - QA test assignment: Test Cases/BrowserAction/CloseBrowser]]></system-out>
      <system-err><![CDATA[]]></system-err>
   </testsuite>
</testsuites>
